c:\users\82107\source\repos\project1\project1\debug\vc142.pdb
c:\users\82107\source\repos\project1\project1\debug\vc142.idb
c:\users\82107\source\repos\project1\project1\debug\소스.obj
c:\users\82107\source\repos\project1\project1\debug\cpp1.obj
c:\users\82107\source\repos\project1\project1\debug\cpp3.obj
c:\users\82107\source\repos\project1\project1\debug\cpp4.obj
c:\users\82107\source\repos\project1\project1\debug\cpp5.obj
c:\users\82107\source\repos\project1\project1\debug\cpp6.obj
c:\users\82107\source\repos\project1\project1\debug\cpp7.obj
c:\users\82107\source\repos\project1\project1\debug\덩치.obj
c:\users\82107\source\repos\project1\project1\debug\ox퀴즈.obj
c:\users\82107\source\repos\project1\project1\debug\영화감독숌.obj
c:\users\82107\source\repos\project1\project1\debug\week2_2.obj
c:\users\82107\source\repos\project1\project1\debug\동전2.obj
c:\users\82107\source\repos\project1\project1\debug\평균은넘겠지.obj
c:\users\82107\source\repos\project1\project1\debug\123더하기.obj
c:\users\82107\source\repos\project1\project1\debug\계단오르기.obj
c:\users\82107\source\repos\project1\project1\debug\이친수.obj
c:\users\82107\source\repos\project1\project1\debug\정수삼각형.obj
c:\users\82107\source\repos\project1\project1\debug\1로만들기.obj
c:\users\82107\source\repos\project1\project1\debug\1.obj
c:\users\82107\source\repos\project1\project1\debug\443.obj
c:\users\82107\source\repos\project1\project1\debug\설탕배달.obj
c:\users\82107\source\repos\project1\project1\debug\분해합.obj
c:\users\82107\source\repos\project1\project1\debug\초콜릿 자르기.obj
c:\users\82107\source\repos\project1\project1\debug\토마토.obj
c:\users\82107\source\repos\project1\project1\debug\미로탐색.obj
c:\users\82107\source\repos\project1\project1\debug\후위표기식.obj
c:\users\82107\source\repos\project1\project1\debug\오큰수.obj
c:\users\82107\source\repos\project1\project1\debug\조세퍼스 문제.obj
c:\users\82107\source\repos\project1\project1\debug\스티커.obj
c:\users\82107\source\repos\project1\project1\debug\큰수a+b.obj
c:\users\82107\source\repos\project1\project1\debug\큐구현.obj
c:\users\82107\source\repos\project1\project1\debug\과제안낸사람.obj
c:\users\82107\source\repos\project1\project1\debug\더블리링리.obj
c:\users\82107\source\repos\project1\project1\debug\더블리스트.obj
c:\users\82107\source\repos\project1\project1\debug\fly me to alpha.obj
c:\users\82107\source\repos\project1\project1\debug\z.obj
c:\users\82107\source\repos\project1\project1\debug\예산.obj
c:\users\82107\source\repos\project1\project1\debug\후위표기식2.obj
c:\users\82107\source\repos\project1\project1\debug\나무자르기.obj
c:\users\82107\source\repos\project1\project1\debug\랜선자르기.obj
c:\users\82107\source\repos\project1\project1\debug\소수.obj
c:\users\82107\source\repos\project1\project1\debug\베르트랑 공준.obj
c:\users\82107\source\repos\project1\project1\debug\골드바흐의 추측.obj
c:\users\82107\source\repos\project1\project1\debug\acm 호텔.obj
c:\users\82107\source\repos\project1\project1\debug\최대공약수와 최소공배수.obj
c:\users\82107\source\repos\project1\project1\debug\링.obj
c:\users\82107\source\repos\project1\project1\debug\이항계수1.obj
c:\users\82107\source\repos\project1\project1\debug\검문.obj
c:\users\82107\source\repos\project1\project1\debug\트리구현.obj
c:\users\82107\source\repos\project1\project1\debug\dfs와 bfs.obj
c:\users\82107\source\repos\project1\project1\debug\바이러스.obj
c:\users\82107\source\repos\project1\project1\debug\bst구현.obj
c:\users\82107\source\repos\project1\project1\debug\단지번호붙이기.obj
c:\users\82107\source\repos\project1\project1\debug\이진 탐색 트리.obj
c:\users\82107\source\repos\project1\project1\debug\해밍코드.obj
c:\users\82107\source\repos\project1\project1\debug\벨만포드.obj
c:\users\82107\source\repos\project1\project1\debug\야구공.obj
c:\users\82107\source\repos\project1\project1\debug\괄호 추가하기.obj
c:\users\82107\source\repos\project1\project1\debug\최단경로.obj
c:\users\82107\source\repos\project1\project1\debug\kcm travel.obj
c:\users\82107\source\repos\project1\project1\debug\상근이의여행.obj
c:\users\82107\source\repos\project1\project1\debug\최소 스패닝트리.obj
c:\users\82107\source\repos\project1\project1\debug\줄세우기.obj
c:\users\82107\source\repos\project1\project1\debug\별자리 만들기.obj
c:\users\82107\source\repos\project1\project1\debug\우주신과의 교감.obj
c:\users\82107\source\repos\project1\project1\debug\해쉬테이블.obj
c:\users\82107\source\repos\project1\project1\debug\acm craft.obj
c:\users\82107\source\repos\project1\project1\debug\그래프구현.obj
c:\users\82107\source\repos\project1\project1\debug\힙.obj
c:\users\82107\source\repos\project1\project1\debug\빛의왕과거울의미로1.obj
c:\users\82107\source\repos\project1\project1\debug\터렛.obj
c:\users\82107\source\repos\project1\project1\debug\10211.obj
c:\users\82107\source\repos\project1\project1\debug\6603.obj
c:\users\82107\source\repos\project1\project1\debug\n-queen.obj
c:\users\82107\source\repos\project1\project1\debug\탈옥.obj
c:\users\82107\source\repos\project1\project1\debug\국제체스대회.obj
c:\users\82107\source\repos\project1\project1\debug\스타트와 링크.obj
c:\users\82107\source\repos\project1\project1\debug\k번째 수.obj
c:\users\82107\source\repos\project1\project1\debug\경찰차.obj
c:\users\82107\source\repos\project1\project1\debug\ironman.obj
c:\users\82107\source\repos\project1\project1\debug\나의 인생에는 수학과 함께.obj
c:\users\82107\source\repos\project1\project1\debug\구간 합 구하기.obj
c:\users\82107\source\repos\project1\project1\debug\0318_1.obj
c:\users\82107\source\repos\project1\project1\debug\mhg0318_2.obj
c:\users\82107\source\repos\project1\project1\debug\불!.obj
c:\users\82107\source\repos\project1\project1\debug\0318_2.obj
c:\users\82107\source\repos\project1\project1\debug\녹색옷이젤다.obj
c:\users\82107\source\repos\project1\project1\debug\파이프 옮기기1.obj
c:\users\82107\source\repos\project1\project1\debug\princesses and princes.obj
c:\users\82107\source\repos\project1\project1\debug\2n타일링2.obj
c:\users\82107\source\repos\project1\project1\debug\쉬운계단수.obj
c:\users\82107\source\repos\project1\project1\debug\오르막 수.obj
c:\users\82107\source\repos\project1\project1\debug\포도주시식.obj
c:\users\82107\source\repos\project1\project1\debug\가장긴증가하는부분수열.obj
c:\users\82107\source\repos\project1\project1\debug\해밍거리.obj
c:\users\82107\source\repos\project1\project1\debug\문자열.obj
c:\users\82107\source\repos\project1\project1\debug\숫자야구.obj
c:\users\82107\source\repos\project1\project1\debug\체스판 다시 칠하기.obj
c:\users\82107\source\repos\project1\project1\debug\숫자 정사각형.obj
c:\users\82107\source\repos\project1\project1\debug\별찍기 11.obj
c:\users\82107\source\repos\project1\project1\debug\나이트의 이동.obj
c:\users\82107\source\repos\project1\project1\debug\경로 찾기.obj
c:\users\82107\source\repos\project1\project1\debug\상근이의 로봇.obj
c:\users\82107\source\repos\project1\project1\debug\스타트링크.obj
c:\users\82107\source\repos\project1\project1\debug\트리의 지름.obj
c:\users\82107\source\repos\project1\project1\debug\닭싸움 팀 정하기.obj
c:\users\82107\source\repos\project1\project1\debug\반도체설계.obj
c:\users\82107\source\repos\project1\project1\debug\발레리노.obj
c:\users\82107\source\repos\project1\project1\debug\가스관.obj
c:\users\82107\source\repos\project1\project1\debug\홍준.obj
c:\users\82107\source\repos\project1\project1\debug\종이의 개수.obj
c:\users\82107\source\repos\project1\project1\debug\암호코드.obj
c:\users\82107\source\repos\project1\project1\debug\귀농.obj
c:\users\82107\source\repos\project1\project1\debug\스도쿠.obj
c:\users\82107\source\repos\project1\project1\debug\단어수학.obj
c:\users\82107\source\repos\project1\project1\debug\단어정렬.obj
c:\users\82107\source\repos\project1\project1\debug\나이순 정렬.obj
c:\users\82107\source\repos\project1\project1\debug\좌표정렬.obj
c:\users\82107\source\repos\project1\project1\debug\상근이의 레스토랑.obj
c:\users\82107\source\repos\project1\project1\debug\연구소.obj
c:\users\82107\source\repos\project1\project1\debug\적록색약.obj
c:\users\82107\source\repos\project1\project1\debug\berlekamp-massy.obj
c:\users\82107\source\repos\project1\project1\debug\피보나치.obj
c:\users\82107\source\repos\project1\project1\debug\빵집.obj
c:\users\82107\source\repos\project1\project1\debug\축사배정.obj
c:\users\82107\source\repos\project1\project1\debug\열혈강호.obj
c:\users\82107\source\repos\project1\project1\debug\열혈강호2.obj
c:\users\82107\source\repos\project1\project1\debug\해킹.obj
c:\users\82107\source\repos\project1\project1\debug\상어식사.obj
c:\users\82107\source\repos\project1\project1\debug\열혈강호3.obj
c:\users\82107\source\repos\project1\project1\debug\책 나눠주기.obj
c:\users\82107\source\repos\project1\project1\debug\이분매칭.obj
c:\users\82107\source\repos\project1\project1\debug\이동하기.obj
c:\users\82107\source\repos\project1\project1\debug\연속합.obj
c:\users\82107\source\repos\project1\project1\debug\17485.obj
c:\users\82107\source\repos\project1\project1\debug\크루스칼.obj
c:\users\82107\source\repos\project1\project1\debug\네트워크연결.obj
c:\users\82107\source\repos\project1\project1\debug\친구 네트워크.obj
c:\users\82107\source\repos\project1\project1\debug\달이 차오른다.obj
c:\users\82107\source\repos\project1\project1\debug\도시분할계획.obj
c:\users\82107\source\repos\project1\project1\debug\spfa.obj
c:\users\82107\source\repos\project1\project1\debug\lca연습.obj
c:\users\82107\source\repos\project1\project1\debug\lca1.obj
c:\users\82107\source\repos\project1\project1\debug\정근알고리즘.obj
c:\users\82107\source\repos\project1\project1\debug\algorithm_12161522.obj
c:\users\82107\source\repos\project1\project1\debug\도미노.obj
c:\users\82107\source\repos\project1\project1\debug\미로.obj
c:\users\82107\source\repos\project1\project1\debug\n과m.obj
c:\users\82107\source\repos\project1\project1\debug\그림.obj
c:\users\82107\source\repos\project1\project1\debug\유기농배추.obj
c:\users\82107\source\repos\project1\project1\debug\안전영역.obj
c:\users\82107\source\repos\project1\project1\debug\영역 구하기.obj
c:\users\82107\source\repos\project1\project1\debug\숨바꼭질.obj
c:\users\82107\source\repos\project1\project1\debug\경사로.obj
c:\users\82107\source\repos\project1\project1\debug\연결요소의 개수.obj
c:\users\82107\source\repos\project1\project1\debug\김용준똥받이.obj
c:\users\82107\source\repos\project1\project1\debug\그림교환.obj
c:\users\82107\source\repos\project1\project1\debug\네트워크 복구.obj
c:\users\82107\source\repos\project1\project1\debug\문제집.obj
c:\users\82107\source\repos\project1\project1\debug\작업.obj
c:\users\82107\source\repos\project1\project1\debug\음악프로그램.obj
c:\users\82107\source\repos\project1\project1\debug\타임머신.obj
c:\users\82107\source\repos\project1\project1\debug\웜홀.obj
c:\users\82107\source\repos\project1\project1\debug\오민식의 고민.obj
c:\users\82107\source\repos\project1\project1\debug\골목길.obj
c:\users\82107\source\repos\project1\project1\debug\레이싱게임.obj
c:\users\82107\source\repos\project1\project1\debug\게임개발.obj
c:\users\82107\source\repos\project1\project1\debug\등번호.obj
c:\users\82107\source\repos\project1\project1\debug\거짓말.obj
c:\users\82107\source\repos\project1\project1\debug\공항.obj
c:\users\82107\source\repos\project1\project1\debug\백조의호수.obj
c:\users\82107\source\repos\project1\project1\debug\fireonfield.obj
c:\users\82107\source\repos\project1\project1\debug\친구비.obj
c:\users\82107\source\repos\project1\project1\debug\큰수곱셈.obj
c:\users\82107\source\repos\project1\project1\debug\공유기설치.obj
c:\users\82107\source\repos\project1\project1\debug\원숭이 매달기.obj
c:\users\82107\source\repos\project1\project1\debug\테트로미노.obj
c:\users\82107\source\repos\project1\project1\debug\scc.obj
c:\users\82107\source\repos\project1\project1\debug\탈출.obj
c:\users\82107\source\repos\project1\project1\debug\드래곤커브.obj
c:\users\82107\source\repos\project1\project1\debug\tmp.obj
c:\users\82107\source\repos\project1\project1\debug\base.obj
c:\users\82107\source\repos\project1\project1\debug\0318_3.obj
c:\users\82107\source\repos\project1\project1\debug\boardgame.obj
c:\users\82107\source\repos\project1\project1\debug\lab1.obj
c:\users\82107\source\repos\project1\project1\debug\최소 스패닝 트리.obj
c:\users\82107\source\repos\project1\project1\debug\cpp1.obj.enc
c:\users\82107\source\repos\project1\project1\debug\검문.obj.enc
c:\users\82107\source\repos\project1\debug\project1.pdb
c:\users\82107\source\repos\project1\debug\project1.exe
c:\users\82107\source\repos\project1\debug\project1.ilk
c:\users\82107\source\repos\project1\project1\debug\project1.tlog\cl.command.1.tlog
c:\users\82107\source\repos\project1\project1\debug\project1.tlog\cl.read.1.tlog
c:\users\82107\source\repos\project1\project1\debug\project1.tlog\cl.write.1.tlog
c:\users\82107\source\repos\project1\project1\debug\project1.tlog\link.command.1.tlog
c:\users\82107\source\repos\project1\project1\debug\project1.tlog\link.read.1.tlog
c:\users\82107\source\repos\project1\project1\debug\project1.tlog\link.write.1.tlog
